<?xml version="1.0" encoding="UTF-8"?>
<!-- Generated by org.testng.reporters.JUnitXMLReporter -->
<testsuite ignored="0" hostname="Gaurav" failures="0" tests="10" name="Surefire test" time="86.121" errors="0" timestamp="2023-07-12T17:40:37 IST">
  <testcase classname="scripts.TestCase" name="TestCase001" time="2.34"/>
  <testcase classname="scripts.TestCase" name="TestCase002" time="2.387"/>
  <testcase classname="scripts.TestCase" name="TestCase003" time="5.414"/>
  <testcase classname="scripts.TestCase" name="TestCase004" time="15.724"/>
  <testcase classname="scripts.TestCase" name="TestCase005" time="10.035"/>
  <testcase classname="scripts.TestCase" name="TestCase006" time="10.014"/>
  <testcase classname="scripts.TestCase" name="TestCase007" time="10.02"/>
  <testcase classname="scripts.TestCase" name="TestCase008" time="10.018"/>
  <testcase classname="scripts.TestCase" name="TestCase009" time="10.042"/>
  <testcase classname="scripts.TestCase" name="TestCase010" time="10.029"/>
</testsuite> <!-- Surefire test -->
