<?xml version="1.0" encoding="UTF-8"?>
<testsuite xmlns:xsi="http://www.w3.org/2001/XMLSchema-instance" xsi:noNamespaceSchemaLocation="https://maven.apache.org/surefire/maven-surefire-plugin/xsd/surefire-test-report-3.0.xsd" version="3.0" name="TestSuite" time="103.393" tests="10" errors="0" skipped="0" failures="0">
  <properties>
[...]
</properties>
  <testcase name="TestCase001" classname="scripts.TestCase" time="2.352">
    <system-out><![CDATA[2023-07-12 17:39:07 INFO  Logging:19 - Firefox Driver Created
2023-07-12 17:39:07 INFO  Logging:19 - Browser maximized
2023-07-12 17:39:11 INFO  Logging:9 - #################################################################################
2023-07-12 17:39:11 INFO  Logging:10 - $$$$$$$$$$$ Starting the Test CaseTesting user after clicking on Login page logo it redirects user to the next page$$$$$$$$$$$
2023-07-12 17:39:11 INFO  Logging:11 - #################################################################################
Test Case Passed
]]></system-out>
    <system-err><![CDATA[SLF4J: Failed to load class "org.slf4j.impl.StaticLoggerBinder".
SLF4J: Defaulting to no-operation (NOP) logger implementation
SLF4J: See http://www.slf4j.org/codes.html#StaticLoggerBinder for further details.
ERROR StatusLogger Log4j2 could not find a logging implementation. Please add log4j-core to the classpath. Using SimpleLogger to log to the console...
1689163742372	geckodriver	INFO	Listening on 127.0.0.1:54269
1689163742700	mozrunner::runner	INFO	Running command: "C:\\Program Files\\Mozilla Firefox\\firefox.exe" "--marionette" "--remote-debugging-port" "51358" "--remote-allow-hosts" "localhost" "-no-remote" "-profile" "C:\\Users\\gaura\\AppData\\Local\\Temp\\rust_mozprofileBaX33O"
console.warn: services.settings: Ignoring preference override of remote settings server
console.warn: services.settings: Allow by setting MOZ_REMOTE_SETTINGS_DEVTOOLS=1 in the environment
1689163743340	Marionette	INFO	Marionette enabled
Dynamically enable window occlusion 0
1689163743549	Marionette	INFO	Listening on port 55665
WebDriver BiDi listening on ws://127.0.0.1:51358
Read port: 55665
1689163743960	RemoteAgent	WARN	TLS certificate errors will be ignored for this session
DevTools listening on ws://127.0.0.1:51358/devtools/browser/6cde94ea-fe80-46d8-bcd5-85011122cd4c
Jul 12, 2023 5:39:07 PM org.openqa.selenium.remote.ProtocolHandshake createSession
INFO: Detected dialect: W3C
console.warn: LoginRecipes: "Falling back to a synchronous message for: https://sakshingp.github.io."
console.error: ({})
]]></system-err>
  </testcase>
  <testcase name="TestCase002" classname="scripts.TestCase" time="2.371">
    <system-out><![CDATA[2023-07-12 17:39:13 INFO  Logging:9 - #################################################################################
2023-07-12 17:39:13 INFO  Logging:10 - $$$$$$$$$$$ Starting the Test CaseTesting Login functionality without credentials$$$$$$$$$$$
2023-07-12 17:39:13 INFO  Logging:11 - #################################################################################
]]></system-out>
    <system-err><![CDATA[console.warn: LoginRecipes: "Falling back to a synchronous message for: https://sakshingp.github.io."
]]></system-err>
  </testcase>
  <testcase name="TestCase003" classname="scripts.TestCase" time="5.414">
    <system-out><![CDATA[2023-07-12 17:39:16 INFO  Logging:9 - #################################################################################
2023-07-12 17:39:16 INFO  Logging:10 - $$$$$$$$$$$ Starting the Test CaseTesting Login functionality without entering password$$$$$$$$$$$
2023-07-12 17:39:16 INFO  Logging:11 - #################################################################################
2023-07-12 17:39:21 INFO  Logging:15 - ###################################################Test Case Ended ##############################################
]]></system-out>
    <system-err><![CDATA[console.warn: LoginRecipes: "Falling back to a synchronous message for: https://sakshingp.github.io."
]]></system-err>
  </testcase>
  <testcase name="TestCase004" classname="scripts.TestCase" time="15.722">
    <system-out><![CDATA[2023-07-12 17:39:21 INFO  Logging:9 - #################################################################################
2023-07-12 17:39:21 INFO  Logging:10 - $$$$$$$$$$$ Starting the Test Case Testing Login functionality without entering password$$$$$$$$$$$
2023-07-12 17:39:21 INFO  Logging:11 - #################################################################################
org.openqa.selenium.NoSuchElementException: Unable to locate element: //div[text()='Username must be present']
For documentation on this error, please visit: https://selenium.dev/exceptions/#no_such_element
Build info: version: '4.1.1', revision: 'e8fcc2cecf'
System info: host: 'GAURAV', ip: '192.168.1.100', os.name: 'Windows 11', os.arch: 'amd64', os.version: '10.0', java.version: '18.0.1'
Driver info: org.openqa.selenium.firefox.FirefoxDriver
Command: [51da1855-e274-4799-9760-723ac4196e74, findElement {using=xpath, value=//div[text()='Username must be present']}]
Capabilities {acceptInsecureCerts: true, browserName: firefox, browserVersion: 115.0.1, javascriptEnabled: true, moz:accessibilityChecks: false, moz:buildID: 20230706202047, moz:debuggerAddress: 127.0.0.1:51358, moz:geckodriverVersion: 0.33.0, moz:headless: false, moz:platformVersion: 10.0, moz:processID: 17820, moz:profile: C:\Users\gaura\AppData\Loca..., moz:shutdownTimeout: 60000, moz:useNonSpecCompliantPointerOrigin: false, moz:webdriverClick: true, moz:windowless: false, pageLoadStrategy: normal, platform: WINDOWS, platformName: WINDOWS, proxy: Proxy(), se:cdp: ws://127.0.0.1:51358/devtoo..., se:cdpVersion: 85, setWindowRect: true, strictFileInteractability: false, timeouts: {implicit: 0, pageLoad: 300000, script: 30000}, unhandledPromptBehavior: dismiss and notify}
Session ID: 51da1855-e274-4799-9760-723ac4196e74
]]></system-out>
    <system-err><![CDATA[console.warn: LoginRecipes: "Falling back to a synchronous message for: https://sakshingp.github.io."
console.warn: LoginRecipes: "Falling back to a synchronous message for: https://sakshingp.github.io."
]]></system-err>
  </testcase>
  <testcase name="TestCase005" classname="scripts.TestCase" time="10.03">
    <system-out><![CDATA[2023-07-12 17:39:37 INFO  Logging:9 - #################################################################################
2023-07-12 17:39:37 INFO  Logging:10 - $$$$$$$$$$$ Starting the Test Case Testing Login functionality without entering password$$$$$$$$$$$
2023-07-12 17:39:37 INFO  Logging:11 - #################################################################################
org.openqa.selenium.NoSuchElementException: Unable to locate element: #username
For documentation on this error, please visit: https://selenium.dev/exceptions/#no_such_element
Build info: version: '4.1.1', revision: 'e8fcc2cecf'
System info: host: 'GAURAV', ip: '192.168.1.100', os.name: 'Windows 11', os.arch: 'amd64', os.version: '10.0', java.version: '18.0.1'
Driver info: org.openqa.selenium.firefox.FirefoxDriver
Command: [51da1855-e274-4799-9760-723ac4196e74, findElement {using=id, value=username}]
Capabilities {acceptInsecureCerts: true, browserName: firefox, browserVersion: 115.0.1, javascriptEnabled: true, moz:accessibilityChecks: false, moz:buildID: 20230706202047, moz:debuggerAddress: 127.0.0.1:51358, moz:geckodriverVersion: 0.33.0, moz:headless: false, moz:platformVersion: 10.0, moz:processID: 17820, moz:profile: C:\Users\gaura\AppData\Loca..., moz:shutdownTimeout: 60000, moz:useNonSpecCompliantPointerOrigin: false, moz:webdriverClick: true, moz:windowless: false, pageLoadStrategy: normal, platform: WINDOWS, platformName: WINDOWS, proxy: Proxy(), se:cdp: ws://127.0.0.1:51358/devtoo..., se:cdpVersion: 85, setWindowRect: true, strictFileInteractability: false, timeouts: {implicit: 0, pageLoad: 300000, script: 30000}, unhandledPromptBehavior: dismiss and notify}
Session ID: 51da1855-e274-4799-9760-723ac4196e74
]]></system-out>
  </testcase>
  <testcase name="TestCase006" classname="scripts.TestCase" time="10.02">
    <system-out><![CDATA[2023-07-12 17:39:47 INFO  Logging:9 - #################################################################################
2023-07-12 17:39:47 INFO  Logging:10 - $$$$$$$$$$$ Starting the Test Case Testing Login functionality without entering password$$$$$$$$$$$
2023-07-12 17:39:47 INFO  Logging:11 - #################################################################################
org.openqa.selenium.NoSuchElementException: Unable to locate element: #username
For documentation on this error, please visit: https://selenium.dev/exceptions/#no_such_element
Build info: version: '4.1.1', revision: 'e8fcc2cecf'
System info: host: 'GAURAV', ip: '192.168.1.100', os.name: 'Windows 11', os.arch: 'amd64', os.version: '10.0', java.version: '18.0.1'
Driver info: org.openqa.selenium.firefox.FirefoxDriver
Command: [51da1855-e274-4799-9760-723ac4196e74, findElement {using=id, value=username}]
Capabilities {acceptInsecureCerts: true, browserName: firefox, browserVersion: 115.0.1, javascriptEnabled: true, moz:accessibilityChecks: false, moz:buildID: 20230706202047, moz:debuggerAddress: 127.0.0.1:51358, moz:geckodriverVersion: 0.33.0, moz:headless: false, moz:platformVersion: 10.0, moz:processID: 17820, moz:profile: C:\Users\gaura\AppData\Loca..., moz:shutdownTimeout: 60000, moz:useNonSpecCompliantPointerOrigin: false, moz:webdriverClick: true, moz:windowless: false, pageLoadStrategy: normal, platform: WINDOWS, platformName: WINDOWS, proxy: Proxy(), se:cdp: ws://127.0.0.1:51358/devtoo..., se:cdpVersion: 85, setWindowRect: true, strictFileInteractability: false, timeouts: {implicit: 0, pageLoad: 300000, script: 30000}, unhandledPromptBehavior: dismiss and notify}
Session ID: 51da1855-e274-4799-9760-723ac4196e74
]]></system-out>
  </testcase>
  <testcase name="TestCase007" classname="scripts.TestCase" time="9.992">
    <system-out><![CDATA[2023-07-12 17:39:57 INFO  Logging:9 - #################################################################################
2023-07-12 17:39:57 INFO  Logging:10 - $$$$$$$$$$$ Starting the Test CaseTesting Remember me checkbox is clickable or not$$$$$$$$$$$
2023-07-12 17:39:57 INFO  Logging:11 - #################################################################################
org.openqa.selenium.NoSuchElementException: Unable to locate element: //input[@class='form-check-input']
For documentation on this error, please visit: https://selenium.dev/exceptions/#no_such_element
Build info: version: '4.1.1', revision: 'e8fcc2cecf'
System info: host: 'GAURAV', ip: '192.168.1.100', os.name: 'Windows 11', os.arch: 'amd64', os.version: '10.0', java.version: '18.0.1'
Driver info: org.openqa.selenium.firefox.FirefoxDriver
Command: [51da1855-e274-4799-9760-723ac4196e74, findElement {using=xpath, value=//input[@class='form-check-input']}]
Capabilities {acceptInsecureCerts: true, browserName: firefox, browserVersion: 115.0.1, javascriptEnabled: true, moz:accessibilityChecks: false, moz:buildID: 20230706202047, moz:debuggerAddress: 127.0.0.1:51358, moz:geckodriverVersion: 0.33.0, moz:headless: false, moz:platformVersion: 10.0, moz:processID: 17820, moz:profile: C:\Users\gaura\AppData\Loca..., moz:shutdownTimeout: 60000, moz:useNonSpecCompliantPointerOrigin: false, moz:webdriverClick: true, moz:windowless: false, pageLoadStrategy: normal, platform: WINDOWS, platformName: WINDOWS, proxy: Proxy(), se:cdp: ws://127.0.0.1:51358/devtoo..., se:cdpVersion: 85, setWindowRect: true, strictFileInteractability: false, timeouts: {implicit: 0, pageLoad: 300000, script: 30000}, unhandledPromptBehavior: dismiss and notify}
Session ID: 51da1855-e274-4799-9760-723ac4196e74
]]></system-out>
  </testcase>
  <testcase name="TestCase008" classname="scripts.TestCase" time="10.018">
    <system-out><![CDATA[2023-07-12 17:40:07 INFO  Logging:9 - #################################################################################
2023-07-12 17:40:07 INFO  Logging:10 - $$$$$$$$$$$ Starting the Test CaseTesting twitter logo is clickable or not$$$$$$$$$$$
2023-07-12 17:40:07 INFO  Logging:11 - #################################################################################
org.openqa.selenium.NoSuchElementException: Unable to locate element: //a[@style='display: inline-block; margin-bottom:4px;']
For documentation on this error, please visit: https://selenium.dev/exceptions/#no_such_element
Build info: version: '4.1.1', revision: 'e8fcc2cecf'
System info: host: 'GAURAV', ip: '192.168.1.100', os.name: 'Windows 11', os.arch: 'amd64', os.version: '10.0', java.version: '18.0.1'
Driver info: org.openqa.selenium.firefox.FirefoxDriver
Command: [51da1855-e274-4799-9760-723ac4196e74, findElement {using=xpath, value=//a[@style='display: inline-block; margin-bottom:4px;']}]
Capabilities {acceptInsecureCerts: true, browserName: firefox, browserVersion: 115.0.1, javascriptEnabled: true, moz:accessibilityChecks: false, moz:buildID: 20230706202047, moz:debuggerAddress: 127.0.0.1:51358, moz:geckodriverVersion: 0.33.0, moz:headless: false, moz:platformVersion: 10.0, moz:processID: 17820, moz:profile: C:\Users\gaura\AppData\Loca..., moz:shutdownTimeout: 60000, moz:useNonSpecCompliantPointerOrigin: false, moz:webdriverClick: true, moz:windowless: false, pageLoadStrategy: normal, platform: WINDOWS, platformName: WINDOWS, proxy: Proxy(), se:cdp: ws://127.0.0.1:51358/devtoo..., se:cdpVersion: 85, setWindowRect: true, strictFileInteractability: false, timeouts: {implicit: 0, pageLoad: 300000, script: 30000}, unhandledPromptBehavior: dismiss and notify}
Session ID: 51da1855-e274-4799-9760-723ac4196e74
]]></system-out>
  </testcase>
  <testcase name="TestCase009" classname="scripts.TestCase" time="10.025">
    <system-out><![CDATA[2023-07-12 17:40:17 INFO  Logging:9 - #################################################################################
2023-07-12 17:40:17 INFO  Logging:10 - $$$$$$$$$$$ Starting the Test CaseTesting twitter logo is clickable or not$$$$$$$$$$$
2023-07-12 17:40:17 INFO  Logging:11 - #################################################################################
org.openqa.selenium.NoSuchElementException: Unable to locate element: //img[@src="img/facebook.png"]
For documentation on this error, please visit: https://selenium.dev/exceptions/#no_such_element
Build info: version: '4.1.1', revision: 'e8fcc2cecf'
System info: host: 'GAURAV', ip: '192.168.1.100', os.name: 'Windows 11', os.arch: 'amd64', os.version: '10.0', java.version: '18.0.1'
Driver info: org.openqa.selenium.firefox.FirefoxDriver
Command: [51da1855-e274-4799-9760-723ac4196e74, findElement {using=xpath, value=//img[@src="img/facebook.png"]}]
Capabilities {acceptInsecureCerts: true, browserName: firefox, browserVersion: 115.0.1, javascriptEnabled: true, moz:accessibilityChecks: false, moz:buildID: 20230706202047, moz:debuggerAddress: 127.0.0.1:51358, moz:geckodriverVersion: 0.33.0, moz:headless: false, moz:platformVersion: 10.0, moz:processID: 17820, moz:profile: C:\Users\gaura\AppData\Loca..., moz:shutdownTimeout: 60000, moz:useNonSpecCompliantPointerOrigin: false, moz:webdriverClick: true, moz:windowless: false, pageLoadStrategy: normal, platform: WINDOWS, platformName: WINDOWS, proxy: Proxy(), se:cdp: ws://127.0.0.1:51358/devtoo..., se:cdpVersion: 85, setWindowRect: true, strictFileInteractability: false, timeouts: {implicit: 0, pageLoad: 300000, script: 30000}, unhandledPromptBehavior: dismiss and notify}
Session ID: 51da1855-e274-4799-9760-723ac4196e74
]]></system-out>
  </testcase>
  <testcase name="TestCase010" classname="scripts.TestCase" time="10.037">
    <system-out><![CDATA[2023-07-12 17:40:27 INFO  Logging:9 - #################################################################################
2023-07-12 17:40:27 INFO  Logging:10 - $$$$$$$$$$$ Starting the Test CaseTesting twitter logo is clickable or not$$$$$$$$$$$
2023-07-12 17:40:27 INFO  Logging:11 - #################################################################################
org.openqa.selenium.NoSuchElementException: Unable to locate element: //img[@src="img/facebook.png"]
For documentation on this error, please visit: https://selenium.dev/exceptions/#no_such_element
Build info: version: '4.1.1', revision: 'e8fcc2cecf'
System info: host: 'GAURAV', ip: '192.168.1.100', os.name: 'Windows 11', os.arch: 'amd64', os.version: '10.0', java.version: '18.0.1'
Driver info: org.openqa.selenium.firefox.FirefoxDriver
Command: [51da1855-e274-4799-9760-723ac4196e74, findElement {using=xpath, value=//img[@src="img/facebook.png"]}]
Capabilities {acceptInsecureCerts: true, browserName: firefox, browserVersion: 115.0.1, javascriptEnabled: true, moz:accessibilityChecks: false, moz:buildID: 20230706202047, moz:debuggerAddress: 127.0.0.1:51358, moz:geckodriverVersion: 0.33.0, moz:headless: false, moz:platformVersion: 10.0, moz:processID: 17820, moz:profile: C:\Users\gaura\AppData\Loca..., moz:shutdownTimeout: 60000, moz:useNonSpecCompliantPointerOrigin: false, moz:webdriverClick: true, moz:windowless: false, pageLoadStrategy: normal, platform: WINDOWS, platformName: WINDOWS, proxy: Proxy(), se:cdp: ws://127.0.0.1:51358/devtoo..., se:cdpVersion: 85, setWindowRect: true, strictFileInteractability: false, timeouts: {implicit: 0, pageLoad: 300000, script: 30000}, unhandledPromptBehavior: dismiss and notify}
Session ID: 51da1855-e274-4799-9760-723ac4196e74
]]></system-out>
  </testcase>
</testsuite>